\BOOKMARK [1][-]{section.1}{\376\377\000I\000n\000t\000r\000o\000d\000u\000z\000i\000o\000n\000e}{}% 1
\BOOKMARK [2][-]{subsection.1.1}{\376\377\000D\000e\000s\000c\000r\000i\000z\000i\000o\000n\000e\000\040\000g\000e\000n\000e\000r\000a\000l\000e}{section.1}% 2
\BOOKMARK [2][-]{subsection.1.2}{\376\377\000S\000c\000o\000p\000o\000\040\000d\000e\000l\000\040\000d\000o\000c\000u\000m\000e\000n\000t\000o}{section.1}% 3
\BOOKMARK [1][-]{section.2}{\376\377\000R\000e\000q\000u\000i\000s\000i\000t\000i\000\040\000f\000u\000n\000z\000i\000o\000n\000a\000l\000i}{}% 4
\BOOKMARK [2][-]{subsection.2.1}{\376\377\000U\000t\000e\000n\000t\000e\000\040\000n\000o\000n\000\040\000a\000u\000t\000e\000n\000t\000i\000c\000a\000t\000o}{section.2}% 5
\BOOKMARK [3][-]{subsubsection.2.1.1}{\376\377\000R\000F\0001\000\040\000-\000\040\000R\000e\000g\000i\000s\000t\000r\000a\000z\000i\000o\000n\000e}{subsection.2.1}% 6
\BOOKMARK [3][-]{subsubsection.2.1.2}{\376\377\000R\000F\0002\000\040\000-\000\040\000L\000o\000g\000i\000n}{subsection.2.1}% 7
\BOOKMARK [3][-]{subsubsection.2.1.3}{\376\377\000R\000F\0003\000\040\000-\000\040\000R\000e\000c\000u\000p\000e\000r\000o\000\040\000p\000a\000s\000s\000w\000o\000r\000d}{subsection.2.1}% 8
\BOOKMARK [3][-]{subsubsection.2.1.4}{\376\377\000R\000F\0004\000\040\000-\000\040\000C\000e\000r\000c\000a\000r\000e\000\040\000u\000n\000\040\000p\000o\000s\000t\000o\000\040\000d\000o\000v\000e\000\040\000s\000u\000o\000n\000a\000r\000e}{subsection.2.1}% 9
\BOOKMARK [2][-]{subsection.2.2}{\376\377\000U\000t\000e\000n\000t\000e\000\040\000a\000u\000t\000e\000n\000t\000i\000c\000a\000t\000o}{section.2}% 10
\BOOKMARK [3][-]{subsubsection.2.2.1}{\376\377\000R\000F\0005\000\040\000-\000\040\000D\000i\000s\000c\000o\000n\000n\000e\000s\000i\000o\000n\000e}{subsection.2.2}% 11
\BOOKMARK [3][-]{subsubsection.2.2.2}{\376\377\000R\000F\0006\000\040\000-\000\040\000M\000o\000d\000i\000f\000i\000c\000a\000\040\000p\000r\000o\000f\000i\000l\000o}{subsection.2.2}% 12
\BOOKMARK [3][-]{subsubsection.2.2.3}{\376\377\000R\000F\0007\000\040\000-\000\040\000C\000e\000r\000c\000a\000r\000e\000\040\000u\000n\000\040\000c\000o\000m\000p\000a\000g\000n\000o}{subsection.2.2}% 13
\BOOKMARK [3][-]{subsubsection.2.2.4}{\376\377\000R\000F\0008\000\040\000-\000\040\000A\000g\000g\000i\000u\000n\000g\000e\000r\000e\000\040\000u\000n\000\040\000a\000m\000i\000c\000o}{subsection.2.2}% 14
\BOOKMARK [3][-]{subsubsection.2.2.5}{\376\377\000R\000F\0009\000\040\000-\000\040\000C\000e\000r\000c\000a\000r\000e\000\040\000u\000n\000\040\000p\000o\000s\000t\000o\000\040\000d\000o\000v\000e\000\040\000s\000u\000o\000n\000a\000r\000e}{subsection.2.2}% 15
\BOOKMARK [3][-]{subsubsection.2.2.6}{\376\377\000R\000F\0001\0000\000\040\000-\000\040\000V\000i\000s\000u\000a\000l\000i\000z\000z\000a\000r\000e\000\040\000l\000a\000\040\000l\000i\000s\000t\000a\000\040\000d\000e\000g\000l\000i\000\040\000a\000m\000i\000c\000i}{subsection.2.2}% 16
\BOOKMARK [3][-]{subsubsection.2.2.7}{\376\377\000R\000F\0001\0001\000\040\000-\000\040\000V\000i\000s\000u\000a\000l\000i\000z\000z\000a\000r\000e\000\040\000l\000o\000\040\000s\000t\000o\000r\000i\000c\000o\000\040\000d\000e\000l\000l\000e\000\040\000s\000e\000s\000s\000i\000o\000n\000i\000\040\000d\000i\000\040\000a\000l\000l\000e\000n\000a\000m\000e\000n\000t\000o}{subsection.2.2}% 17
\BOOKMARK [3][-]{subsubsection.2.2.8}{\376\377\000R\000F\0001\0002\000\040\000-\000\040\000C\000o\000n\000t\000a\000t\000t\000a\000r\000e\000\040\000i\000\040\000p\000r\000o\000f\000i\000l\000i\000\040\000d\000e\000g\000l\000i\000\040\000u\000t\000e\000n\000t\000i\000\040\000s\000u\000g\000g\000e\000r\000i\000t\000i}{subsection.2.2}% 18
\BOOKMARK [3][-]{subsubsection.2.2.9}{\376\377\000R\000F\0001\0003\000\040\000-\000\040\000C\000o\000n\000t\000a\000t\000t\000a\000r\000e\000\040\000i\000\040\000p\000r\000o\000f\000i\000l\000i\000\040\000d\000e\000i\000\040\000l\000u\000o\000g\000h\000i\000\040\000s\000u\000g\000g\000e\000r\000i\000t\000i}{subsection.2.2}% 19
\BOOKMARK [3][-]{subsubsection.2.2.10}{\376\377\000R\000F\0001\0004\000\040\000-\000\040\000I\000n\000i\000z\000i\000a\000r\000e\000\040\000u\000n\000a\000\040\000s\000e\000s\000s\000i\000o\000n\000e\000\040\000d\000i\000\040\000a\000l\000l\000e\000n\000a\000m\000e\000n\000t\000o}{subsection.2.2}% 20
\BOOKMARK [3][-]{subsubsection.2.2.11}{\376\377\000R\000F\0001\0004\000.\0001\000\040\000-\000\040\000I\000m\000p\000o\000s\000t\000a\000r\000e\000\040\000p\000a\000r\000a\000m\000e\000t\000r\000i\000\040\000p\000e\000r\000\040\000s\000e\000s\000s\000i\000o\000n\000e\000\040\000d\000i\000\040\000a\000l\000l\000e\000n\000a\000m\000e\000n\000t\000o}{subsection.2.2}% 21
\BOOKMARK [3][-]{subsubsection.2.2.12}{\376\377\000R\000F\0001\0004\000.\0002\000\040\000-\000\040\000I\000m\000p\000o\000s\000t\000a\000r\000e\000\040\000p\000r\000o\000m\000e\000m\000o\000r\000i\000a\000\040\000p\000e\000r\000\040\000s\000e\000s\000s\000i\000o\000n\000i\000\040\000d\000i\000\040\000a\000l\000l\000e\000n\000a\000m\000e\000n\000t\000o}{subsection.2.2}% 22
\BOOKMARK [3][-]{subsubsection.2.2.13}{\376\377\000R\000F\0001\0005\000\040\000-\000\040\000C\000o\000n\000t\000a\000t\000t\000a\000r\000e\000\040\000u\000n\000\040\000a\000m\000i\000c\000o}{subsection.2.2}% 23
\BOOKMARK [3][-]{subsubsection.2.2.14}{\376\377\000R\000F\0001\0006\000\040\000-\000\040\000V\000i\000s\000u\000a\000l\000i\000z\000z\000a\000r\000e\000\040\000c\000o\000s\000a\000\040\000s\000t\000a\000n\000n\000o\000\040\000s\000u\000o\000n\000a\000n\000d\000o\000\040\000g\000l\000i\000\040\000a\000m\000i\000c\000i}{subsection.2.2}% 24
\BOOKMARK [1][-]{section.3}{\376\377\000U\000t\000i\000l\000i\000z\000z\000o\000\040\000d\000e\000l\000l\000'\000o\000n\000t\000o\000l\000o\000g\000i\000a}{}% 25
